<?xml version="1.0" encoding="UTF-8"?>
<!-- Generated by org.testng.reporters.JUnitXMLReporter -->
<testsuite hostname="codecraft3s-iMac.local" name="Regression suite 1" tests="2" failures="0" timestamp="18 Apr 2017 05:08:03 GMT" time="114.676" errors="0">
  <testcase name="enterPhoneNumber" time="21.643" classname="phonenumberentry.PhoneNumberPageTest"/>
  <testcase name="signUP" time="92.928" classname="completeregistration.CompleteRegistrationPageTest"/>
</testsuite> <!-- Regression suite 1 -->
